#
# A fatal error has been detected by the Java Runtime Environment:
#
#  EXCEPTION_ACCESS_VIOLATION (0xc0000005) at pc=0x00007ff9a27849bf, pid=5780, tid=21432
#
# JRE version: Java(TM) SE Runtime Environment 18.9 (11.0.10+8) (build 11.0.10+8-LTS-162)
# Java VM: Java HotSpot(TM) 64-Bit Server VM 18.9 (11.0.10+8-LTS-162, mixed mode, tiered, compressed oops, parallel gc, windows-amd64)
# Problematic frame:
# V  [jvm.dll+0x3649bf]
#
# No core dump will be written. Minidumps are not enabled by default on client versions of Windows
#
# If you would like to submit a bug report, please visit:
#   https://bugreport.java.com/bugreport/crash.jsp
#

---------------  S U M M A R Y ------------

Command Line: --add-modules=ALL-SYSTEM --add-opens=java.base/java.util=ALL-UNNAMED --add-opens=java.base/java.lang=ALL-UNNAMED -Declipse.application=org.eclipse.jdt.ls.core.id1 -Dosgi.bundles.defaultStartLevel=4 -Declipse.product=org.eclipse.jdt.ls.core.product -Dfile.encoding=utf8 -DwatchParentProcess=false -XX:+UseParallelGC -XX:GCTimeRatio=4 -XX:AdaptiveSizePolicyWeight=90 -Dsun.zip.disableMemoryMapping=true -Xmx1G -Xms100m -Xverify:none c:\Users\DAT\.vscode\extensions\redhat.java-0.77.0\server\plugins\org.eclipse.equinox.launcher_1.6.100.v20201223-0822.jar -configuration c:\Users\DAT\AppData\Roaming\Code\User\globalStorage\redhat.java\0.77.0\config_ss_win -data c:\Users\DAT\AppData\Roaming\Code\User\workspaceStorage\36f967e85e7e8451faae8b6f07adc6fc\redhat.java\ss_ws

Host: AMD Ryzen 7 4800H with Radeon Graphics         , 16 cores, 15G,  Windows 10 , 64 bit Build 19041 (10.0.19041.804)
Time: Sun Apr 25 19:27:52 2021 SE Asia Standard Time elapsed time: 3.762209 seconds (0d 0h 0m 3s)

---------------  T H R E A D  ---------------

Current thread (0x00000128b8b37800):  JavaThread "pool-1-thread-1" [_thread_in_vm, id=21432, stack(0x000000146c700000,0x000000146c800000)]

Stack: [0x000000146c700000,0x000000146c800000],  sp=0x000000146c7fd270,  free space=1012k
Native frames: (J=compiled Java code, j=interpreted, Vv=VM code, C=native code)
V  [jvm.dll+0x3649bf]
C  0x00000128a2d3d96d

Java frames: (J=compiled Java code, j=interpreted, Vv=VM code)
j  org.eclipse.jdt.internal.compiler.parser.Scanner.getNextToken0()I+93
j  org.eclipse.jdt.internal.compiler.parser.Scanner.getNextToken()I+47
j  org.eclipse.jdt.internal.compiler.parser.Parser.parse()V+332
j  org.eclipse.jdt.internal.compiler.parser.Parser.parse(Lorg/eclipse/jdt/internal/compiler/env/ICompilationUnit;Lorg/eclipse/jdt/internal/compiler/CompilationResult;II)Lorg/eclipse/jdt/internal/compiler/ast/CompilationUnitDeclaration;+178
j  org.eclipse.jdt.internal.compiler.parser.Parser.parse(Lorg/eclipse/jdt/internal/compiler/env/ICompilationUnit;Lorg/eclipse/jdt/internal/compiler/CompilationResult;)Lorg/eclipse/jdt/internal/compiler/ast/CompilationUnitDeclaration;+5
j  org.eclipse.jdt.internal.compiler.SourceElementParser.parseCompilationUnit(Lorg/eclipse/jdt/internal/compiler/env/ICompilationUnit;ZLorg/eclipse/core/runtime/IProgressMonitor;)Lorg/eclipse/jdt/internal/compiler/ast/CompilationUnitDeclaration;+53
j  org.eclipse.jdt.internal.core.CompilationUnit.buildStructure(Lorg/eclipse/jdt/internal/core/OpenableElementInfo;Lorg/eclipse/core/runtime/IProgressMonitor;Ljava/util/Map;Lorg/eclipse/core/resources/IResource;)Z+523
J 3241 c1 org.eclipse.jdt.internal.core.Openable.generateInfos(Ljava/lang/Object;Ljava/util/HashMap;Lorg/eclipse/core/runtime/IProgressMonitor;)V (281 bytes) @ 0x00000128a3af853c [0x00000128a3af6f20+0x000000000000161c]
J 3262 c1 org.eclipse.jdt.internal.core.JavaElement.openWhenClosed(Ljava/lang/Object;ZLorg/eclipse/core/runtime/IProgressMonitor;)Ljava/lang/Object; (169 bytes) @ 0x00000128a3b17574 [0x00000128a3b16ec0+0x00000000000006b4]
j  org.eclipse.jdt.internal.core.BecomeWorkingCopyOperation.executeOperation()V+29
j  org.eclipse.jdt.internal.core.JavaModelOperation.run(Lorg/eclipse/core/runtime/IProgressMonitor;)V+55
j  org.eclipse.jdt.internal.core.JavaModelOperation.runOperation(Lorg/eclipse/core/runtime/IProgressMonitor;)V+32
j  org.eclipse.jdt.internal.core.CompilationUnit.becomeWorkingCopy(Lorg/eclipse/jdt/core/IProblemRequestor;Lorg/eclipse/core/runtime/IProgressMonitor;)V+37
j  org.eclipse.jdt.internal.core.CompilationUnit.becomeWorkingCopy(Lorg/eclipse/core/runtime/IProgressMonitor;)V+23
j  org.eclipse.jdt.ls.core.internal.handlers.BaseDocumentLifeCycleHandler.handleOpen(Lorg/eclipse/lsp4j/DidOpenTextDocumentParams;)Lorg/eclipse/jdt/core/ICompilationUnit;+144
j  org.eclipse.jdt.ls.core.internal.handlers.BaseDocumentLifeCycleHandler$5.run(Lorg/eclipse/core/runtime/IProgressMonitor;)V+8
j  org.eclipse.core.internal.resources.Workspace.run(Lorg/eclipse/core/runtime/ICoreRunnable;Lorg/eclipse/core/runtime/jobs/ISchedulingRule;ILorg/eclipse/core/runtime/IProgressMonitor;)V+69
j  org.eclipse.core.internal.resources.Workspace.run(Lorg/eclipse/core/resources/IWorkspaceRunnable;Lorg/eclipse/core/runtime/jobs/ISchedulingRule;ILorg/eclipse/core/runtime/IProgressMonitor;)V+6
j  org.eclipse.jdt.ls.core.internal.handlers.BaseDocumentLifeCycleHandler.didOpen(Lorg/eclipse/lsp4j/DidOpenTextDocumentParams;)V+32
j  org.eclipse.jdt.ls.core.internal.syntaxserver.SyntaxLanguageServer.didOpen(Lorg/eclipse/lsp4j/DidOpenTextDocumentParams;)V+11
v  ~StubRoutines::call_stub
j  jdk.internal.reflect.NativeMethodAccessorImpl.invoke0(Ljava/lang/reflect/Method;Ljava/lang/Object;[Ljava/lang/Object;)Ljava/lang/Object;+0 java.base@11.0.10
j  jdk.internal.reflect.NativeMethodAccessorImpl.invoke(Ljava/lang/Object;[Ljava/lang/Object;)Ljava/lang/Object;+100 java.base@11.0.10
J 1060 c1 jdk.internal.reflect.DelegatingMethodAccessorImpl.invoke(Ljava/lang/Object;[Ljava/lang/Object;)Ljava/lang/Object; java.base@11.0.10 (10 bytes) @ 0x00000128a36247bc [0x00000128a36246c0+0x00000000000000fc]
J 1059 c1 java.lang.reflect.Method.invoke(Ljava/lang/Object;[Ljava/lang/Object;)Ljava/lang/Object; java.base@11.0.10 (65 bytes) @ 0x00000128a362632c [0x00000128a3626000+0x000000000000032c]
j  org.eclipse.lsp4j.jsonrpc.services.GenericEndpoint.lambda$null$0(Lorg/eclipse/lsp4j/jsonrpc/services/AnnotationUtil$MethodInfo;Ljava/lang/Object;Ljava/lang/Object;)Ljava/util/concurrent/CompletableFuture;+20
j  org.eclipse.lsp4j.jsonrpc.services.GenericEndpoint$$Lambda$126.apply(Ljava/lang/Object;)Ljava/lang/Object;+13
j  org.eclipse.lsp4j.jsonrpc.services.GenericEndpoint.notify(Ljava/lang/String;Ljava/lang/Object;)V+18
j  org.eclipse.lsp4j.jsonrpc.RemoteEndpoint.handleNotification(Lorg/eclipse/lsp4j/jsonrpc/messages/NotificationMessage;)V+20
j  org.eclipse.lsp4j.jsonrpc.RemoteEndpoint.consume(Lorg/eclipse/lsp4j/jsonrpc/messages/Message;)V+14
j  org.eclipse.lsp4j.jsonrpc.json.StreamMessageProducer.handleMessage(Ljava/io/InputStream;Lorg/eclipse/lsp4j/jsonrpc/json/StreamMessageProducer$Headers;)Z+99
j  org.eclipse.lsp4j.jsonrpc.json.StreamMessageProducer.listen(Lorg/eclipse/lsp4j/jsonrpc/MessageConsumer;)V+158
j  org.eclipse.lsp4j.jsonrpc.json.ConcurrentMessageProcessor.run()V+12
j  java.util.concurrent.Executors$RunnableAdapter.call()Ljava/lang/Object;+4 java.base@11.0.10
j  java.util.concurrent.FutureTask.run()V+39 java.base@11.0.10
j  java.util.concurrent.ThreadPoolExecutor.runWorker(Ljava/util/concurrent/ThreadPoolExecutor$Worker;)V+92 java.base@11.0.10
j  java.util.concurrent.ThreadPoolExecutor$Worker.run()V+5 java.base@11.0.10
j  java.lang.Thread.run()V+11 java.base@11.0.10
v  ~StubRoutines::call_stub

siginfo: EXCEPTION_ACCESS_VIOLATION (0xc0000005), reading address 0x00000000ed91a9bc


Register to memory mapping:

RIP=0x00007ff9a27849bf jvm.dll
RAX=0x000000000000000c is an unknown value
RBX=0x000000000000034a is an unknown value
RCX=0x000000146c7fd2a0 is pointing into the stack for thread: 0x00000128b8b37800
RDX=0x00007ff9a2c486f8 jvm.dll
RSP=0x000000146c7fd270 is pointing into the stack for thread: 0x00000128b8b37800
RBP=0x00000128b8a09150 points into unknown readable memory: 00 00 00 00 00 00 00 00
RSI=0x00000128b8cc3460 points into unknown readable memory: 02 00 00 00 78 01 79 00
RDI=0x00000128b8b37800 is a thread
R8 =0x000000000000034a is an unknown value
R9 =0x000000146c7fd1e0 is pointing into the stack for thread: 0x00000128b8b37800
R10=0x0 is NULL
R11=0xfa0000000000001a is an unknown value
R12=0x00000000ed91a9b0 is an unallocated location in the heap
R13=0x00000000000003d8 is an unknown value
R14=0x00000128b8a09160 points into unknown readable memory: 74 9d f9 b7 28 01 00 00
R15=0x00000128b8a09538 points into unknown readable memory: d7 81 bf 6f 28 06 00 88


Registers:
RAX=0x000000000000000c, RBX=0x000000000000034a, RCX=0x000000146c7fd2a0, RDX=0x00007ff9a2c486f8
RSP=0x000000146c7fd270, RBP=0x00000128b8a09150, RSI=0x00000128b8cc3460, RDI=0x00000128b8b37800
R8 =0x000000000000034a, R9 =0x000000146c7fd1e0, R10=0x0000000000000000, R11=0xfa0000000000001a
R12=0x00000000ed91a9b0, R13=0x00000000000003d8, R14=0x00000128b8a09160, R15=0x00000128b8a09538
RIP=0x00007ff9a27849bf, EFLAGS=0x0000000000010202

Top of Stack: (sp=0x000000146c7fd270)
0x000000146c7fd270:   000000000000034a 000000000000034a
0x000000146c7fd280:   000000000000000d 00000128b8b37800
0x000000146c7fd290:   0000000000000001 00007ff9a29ddf5a
0x000000146c7fd2a0:   00007ff9a2cbc7b0 0000005000000000
0x000000146c7fd2b0:   0000000000000000 0000000000000000
0x000000146c7fd2c0:   0000000000000000 0000000000000000
0x000000146c7fd2d0:   0000000000000000 00000128c44c4390
0x000000146c7fd2e0:   0000000000000000 0000000000000100
0x000000146c7fd2f0:   00000128baa15000 000000146c7fd350
0x000000146c7fd300:   00000128b8b37800 000000146c7fd420
0x000000146c7fd310:   00000128baa1126d 0000000000000000
0x000000146c7fd320:   0000000000000004 00000128a2d3d96d
0x000000146c7fd330:   00000128b8b37800 000000000000034a
0x000000146c7fd340:   000000146c7fd3a0 000000000000000d
0x000000146c7fd350:   00000128a2d3d911 000000146c7fd358
0x000000146c7fd360:   00000128baa1126d 000000146c7fd420 

Instructions: (pc=0x00007ff9a27849bf)
0x00007ff9a278499f:   62 6c 00 00 48 8d 15 4e 3d 4c 00 b9 0c 00 00 00
0x00007ff9a27849af:   b8 10 00 00 00 0f 45 c1 44 8b c3 48 8d 4c 24 30
0x00007ff9a27849bf:   46 8b 0c 20 e8 88 15 2b 00 48 8b 1d 71 da 6f 00
0x00007ff9a27849cf:   48 8d 4c 24 30 e8 57 06 2b 00 4c 8b cb 48 89 44 


Stack slot to memory mapping:
stack at sp + 0 slots: 0x000000000000034a is an unknown value
stack at sp + 1 slots: 0x000000000000034a is an unknown value
stack at sp + 2 slots: 0x000000000000000d is an unknown value
stack at sp + 3 slots: 0x00000128b8b37800 is a thread
stack at sp + 4 slots: 0x0000000000000001 is an unknown value
stack at sp + 5 slots: 0x00007ff9a29ddf5a jvm.dll
stack at sp + 6 slots: 0x00007ff9a2cbc7b0 jvm.dll
stack at sp + 7 slots: 0x0000005000000000 is an unknown value


---------------  P R O C E S S  ---------------

Threads class SMR info:
_java_thread_list=0x00000128b8445b30, length=26, elements={
0x000001289a898800, 0x00000128b4717800, 0x00000128b4720800, 0x00000128b472e800,
0x00000128b5a5a800, 0x00000128b5a5c800, 0x00000128b5a0d800, 0x00000128b5a12000,
0x00000128b5bdb800, 0x00000128b5bed800, 0x00000128b78ef000, 0x00000128b5bee800,
0x00000128b7ee5800, 0x00000128b8440800, 0x00000128b8444800, 0x00000128b845d000,
0x00000128b8553000, 0x00000128b5beb800, 0x00000128b8543000, 0x00000128b8772000,
0x00000128b88b6800, 0x00000128b5bec000, 0x00000128b5bed000, 0x00000128b5bea800,
0x00000128b8b37800, 0x00000128b5be8000
}

Java Threads: ( => current thread )
  0x000001289a898800 JavaThread "main" [_thread_blocked, id=9584, stack(0x000000146a500000,0x000000146a600000)]
  0x00000128b4717800 JavaThread "Reference Handler" daemon [_thread_blocked, id=21784, stack(0x000000146a800000,0x000000146a900000)]
  0x00000128b4720800 JavaThread "Finalizer" daemon [_thread_blocked, id=23524, stack(0x000000146a900000,0x000000146aa00000)]
  0x00000128b472e800 JavaThread "Signal Dispatcher" daemon [_thread_blocked, id=18560, stack(0x000000146aa00000,0x000000146ab00000)]
  0x00000128b5a5a800 JavaThread "Attach Listener" daemon [_thread_blocked, id=11424, stack(0x000000146ab00000,0x000000146ac00000)]
  0x00000128b5a5c800 JavaThread "C2 CompilerThread0" daemon [_thread_blocked, id=20688, stack(0x000000146ac00000,0x000000146ad00000)]
  0x00000128b5a0d800 JavaThread "C1 CompilerThread0" daemon [_thread_blocked, id=13768, stack(0x000000146ad00000,0x000000146ae00000)]
  0x00000128b5a12000 JavaThread "Sweeper thread" daemon [_thread_blocked, id=4352, stack(0x000000146ae00000,0x000000146af00000)]
  0x00000128b5bdb800 JavaThread "Common-Cleaner" daemon [_thread_blocked, id=18148, stack(0x000000146af00000,0x000000146b000000)]
  0x00000128b5bed800 JavaThread "C1 CompilerThread1" daemon [_thread_blocked, id=17432, stack(0x000000146b000000,0x000000146b100000)]
  0x00000128b78ef000 JavaThread "Service Thread" daemon [_thread_blocked, id=11480, stack(0x000000146b300000,0x000000146b400000)]
  0x00000128b5bee800 JavaThread "C1 CompilerThread2" daemon [_thread_blocked, id=15968, stack(0x000000146b500000,0x000000146b600000)]
  0x00000128b7ee5800 JavaThread "Active Thread: Equinox Container: b53914cd-1126-41cf-b3c3-1ea1d3f4c3e7" [_thread_blocked, id=23976, stack(0x000000146b600000,0x000000146b700000)]
  0x00000128b8440800 JavaThread "Framework Event Dispatcher: Equinox Container: b53914cd-1126-41cf-b3c3-1ea1d3f4c3e7" daemon [_thread_blocked, id=19388, stack(0x000000146b700000,0x000000146b800000)]
  0x00000128b8444800 JavaThread "Start Level: Equinox Container: b53914cd-1126-41cf-b3c3-1ea1d3f4c3e7" daemon [_thread_blocked, id=7296, stack(0x000000146b800000,0x000000146b900000)]
  0x00000128b845d000 JavaThread "SCR Component Actor" daemon [_thread_blocked, id=324, stack(0x000000146bc00000,0x000000146bd00000)]
  0x00000128b8553000 JavaThread "Timer-0" daemon [_thread_blocked, id=21332, stack(0x000000146bd00000,0x000000146be00000)]
  0x00000128b5beb800 JavaThread "C1 CompilerThread3" daemon [_thread_blocked, id=18912, stack(0x000000146be00000,0x000000146bf00000)]
  0x00000128b8543000 JavaThread "Worker-JM" [_thread_blocked, id=14372, stack(0x000000146bf00000,0x000000146c000000)]
  0x00000128b8772000 JavaThread "Worker-0" [_thread_blocked, id=10948, stack(0x000000146b100000,0x000000146b200000)]
  0x00000128b88b6800 JavaThread "Worker-1" [_thread_blocked, id=22136, stack(0x000000146c400000,0x000000146c500000)]
  0x00000128b5bec000 JavaThread "C2 CompilerThread1" daemon [_thread_blocked, id=12840, stack(0x000000146b200000,0x000000146b300000)]
  0x00000128b5bed000 JavaThread "C2 CompilerThread2" daemon [_thread_blocked, id=3288, stack(0x000000146c500000,0x000000146c600000)]
  0x00000128b5bea800 JavaThread "C2 CompilerThread3" daemon [_thread_blocked, id=13948, stack(0x000000146c600000,0x000000146c700000)]
=>0x00000128b8b37800 JavaThread "pool-1-thread-1" [_thread_in_vm, id=21432, stack(0x000000146c700000,0x000000146c800000)]
  0x00000128b5be8000 JavaThread "C2 CompilerThread4" daemon [_thread_blocked, id=8688, stack(0x000000146cc00000,0x000000146cd00000)]

Other Threads:
  0x00000128b5a03800 VMThread "VM Thread" [stack: 0x000000146a700000,0x000000146a800000] [id=18020]
  0x00000128b796b000 WatcherThread [stack: 0x000000146b400000,0x000000146b500000] [id=18552]
  0x000001289a8b0000 GCTaskThread "ParGC Thread#0" [stack: 0x000000146a600000,0x000000146a700000] [id=24100]
  0x00000128b7ef2800 GCTaskThread "ParGC Thread#1" [stack: 0x000000146b900000,0x000000146ba00000] [id=2520]
  0x00000128b7ef3800 GCTaskThread "ParGC Thread#2" [stack: 0x000000146ba00000,0x000000146bb00000] [id=16660]
  0x00000128b7ef4000 GCTaskThread "ParGC Thread#3" [stack: 0x000000146bb00000,0x000000146bc00000] [id=15744]
  0x00000128b86fb800 GCTaskThread "ParGC Thread#4" [stack: 0x000000146c000000,0x000000146c100000] [id=21832]
  0x00000128b86fc000 GCTaskThread "ParGC Thread#5" [stack: 0x000000146c100000,0x000000146c200000] [id=22356]
  0x00000128b8539800 GCTaskThread "ParGC Thread#6" [stack: 0x000000146c200000,0x000000146c300000] [id=8000]
  0x00000128b853a000 GCTaskThread "ParGC Thread#7" [stack: 0x000000146c300000,0x000000146c400000] [id=14760]
  0x00000128b8e38000 GCTaskThread "ParGC Thread#8" [stack: 0x000000146c800000,0x000000146c900000] [id=17004]
  0x00000128b8e38800 GCTaskThread "ParGC Thread#9" [stack: 0x000000146c900000,0x000000146ca00000] [id=15508]
  0x00000128b8b32800 GCTaskThread "ParGC Thread#10" [stack: 0x000000146ca00000,0x000000146cb00000] [id=23064]
  0x00000128b8b33800 GCTaskThread "ParGC Thread#11" [stack: 0x000000146cb00000,0x000000146cc00000] [id=14064]

Threads with active compile tasks:

VM state:not at safepoint (normal execution)

VM Mutex/Monitor currently owned by a thread: None

Heap address: 0x00000000c0000000, size: 1024 MB, Compressed Oops mode: 32-bit
Narrow klass base: 0x0000000000000000, Narrow klass shift: 3
Compressed class space size: 1073741824 Address: 0x0000000100000000

Heap:
 PSYoungGen      total 24576K, used 0K [0x00000000eab00000, 0x00000000ed700000, 0x0000000100000000)
  eden space 24064K, 0% used [0x00000000eab00000,0x00000000eab00000,0x00000000ec280000)
  from space 512K, 0% used [0x00000000ed080000,0x00000000ed080000,0x00000000ed100000)
  to   space 2560K, 0% used [0x00000000ed480000,0x00000000ed480000,0x00000000ed700000)
 ParOldGen       total 68608K, used 24286K [0x00000000c0000000, 0x00000000c4300000, 0x00000000eab00000)
  object space 68608K, 35% used [0x00000000c0000000,0x00000000c17b78c8,0x00000000c4300000)
 Metaspace       used 33306K, capacity 35218K, committed 35328K, reserved 1081344K
  class space    used 3137K, capacity 3785K, committed 3840K, reserved 1048576K

Card table byte_map: [0x000001289a260000,0x000001289a470000] _byte_map_base: 0x0000012899c60000

Marking Bits: (ParMarkBitMap*) 0x00007ff9a2e63590
 Begin Bits: [0x00000128b1d30000, 0x00000128b2d30000)
 End Bits:   [0x00000128b2d30000, 0x00000128b3d30000)

Polling page: 0x0000012898860000

Metaspace:

Usage:
  Non-class:     30.70 MB capacity,    29.46 MB ( 96%) used,     1.17 MB (  4%) free+waste,    66.88 KB ( <1%) overhead. 
      Class:      3.70 MB capacity,     3.06 MB ( 83%) used,   615.60 KB ( 16%) free+waste,    31.44 KB ( <1%) overhead. 
       Both:     34.39 MB capacity,    32.53 MB ( 95%) used,     1.77 MB (  5%) free+waste,    98.31 KB ( <1%) overhead. 

Virtual space:
  Non-class space:       32.00 MB reserved,      30.75 MB ( 96%) committed 
      Class space:        1.00 GB reserved,       3.75 MB ( <1%) committed 
             Both:        1.03 GB reserved,      34.50 MB (  3%) committed 

Chunk freelists:
   Non-Class:  6.88 KB
       Class:  2.88 KB
        Both:  9.75 KB

CodeHeap 'non-profiled nmethods': size=119168Kb used=1791Kb max_used=1791Kb free=117376Kb
 bounds [0x00000128aa8d0000, 0x00000128aab40000, 0x00000128b1d30000]
CodeHeap 'profiled nmethods': size=119168Kb used=7590Kb max_used=7590Kb free=111577Kb
 bounds [0x00000128a3470000, 0x00000128a3be0000, 0x00000128aa8d0000]
CodeHeap 'non-nmethods': size=7424Kb used=2874Kb max_used=2988Kb free=4549Kb
 bounds [0x00000128a2d30000, 0x00000128a3030000, 0x00000128a3470000]
 total_blobs=4096 nmethods=3554 adapters=452
 compilation: enabled
              stopped_count=0, restarted_count=0
 full_count=0

Compilation events (10 events):
Event: 3.597 Thread 0x00000128b5bee800 nmethod 3559% 0x00000128a3bcb590 code [0x00000128a3bcb7e0, 0x00000128a3bcc328]
Event: 3.598 Thread 0x00000128b5beb800 3560 %     3       org.eclipse.jdt.internal.compiler.parser.Parser::computeReverseTable @ 51 (92 bytes)
Event: 3.599 Thread 0x00000128b5beb800 nmethod 3560% 0x00000128a3bcc710 code [0x00000128a3bcc900, 0x00000128a3bcceb8]
Event: 3.599 Thread 0x00000128b5a5c800 3561 %     4       org.eclipse.jdt.internal.compiler.parser.Parser::computeReverseTable @ 17 (92 bytes)
Event: 3.604 Thread 0x00000128b5a5c800 nmethod 3561% 0x00000128aaa8d910 code [0x00000128aaa8dac0, 0x00000128aaa8ded8]
Event: 3.610 Thread 0x00000128b5be8000 nmethod 3558% 0x00000128aaa8e210 code [0x00000128aaa8e3e0, 0x00000128aaa8f068]
Event: 3.616 Thread 0x00000128b5bed000 3562       4       java.util.ArrayList::<init> (61 bytes)
Event: 3.617 Thread 0x00000128b5bed000 nmethod 3562 0x00000128aaa8f890 code [0x00000128aaa8fa20, 0x00000128aaa8fbf8]
Event: 3.626 Thread 0x00000128b5a0d800 3563       3       org.eclipse.jdt.internal.compiler.parser.Scanner::internalScanIdentifierOrKeyword (4733 bytes)
Event: 3.756 Thread 0x00000128b5a0d800 nmethod 3563 0x00000128a3bcd190 code [0x00000128a3bcda60, 0x00000128a3bd7ce8]

GC Heap History (10 events):
Event: 3.079 GC heap before
{Heap before GC invocations=9 (full 1):
 PSYoungGen      total 30720K, used 30694K [0x00000000eab00000, 0x00000000ed480000, 0x0000000100000000)
  eden space 24064K, 100% used [0x00000000eab00000,0x00000000ec280000,0x00000000ec280000)
  from space 6656K, 99% used [0x00000000ec380000,0x00000000ec9f9820,0x00000000eca00000)
  to   space 9216K, 0% used [0x00000000ecb80000,0x00000000ecb80000,0x00000000ed480000)
 ParOldGen       total 68608K, used 10640K [0x00000000c0000000, 0x00000000c4300000, 0x00000000eab00000)
  object space 68608K, 15% used [0x00000000c0000000,0x00000000c0a64148,0x00000000c4300000)
 Metaspace       used 30591K, capacity 32303K, committed 32512K, reserved 1079296K
  class space    used 2914K, capacity 3496K, committed 3584K, reserved 1048576K
}
Event: 3.091 GC heap after
{Heap after GC invocations=9 (full 1):
 PSYoungGen      total 30208K, used 6643K [0x00000000eab00000, 0x00000000ed200000, 0x0000000100000000)
  eden space 23552K, 0% used [0x00000000eab00000,0x00000000eab00000,0x00000000ec200000)
  from space 6656K, 99% used [0x00000000ecb80000,0x00000000ed1fcea8,0x00000000ed200000)
  to   space 7680K, 0% used [0x00000000ec300000,0x00000000ec300000,0x00000000eca80000)
 ParOldGen       total 68608K, used 13042K [0x00000000c0000000, 0x00000000c4300000, 0x00000000eab00000)
  object space 68608K, 19% used [0x00000000c0000000,0x00000000c0cbc910,0x00000000c4300000)
 Metaspace       used 30591K, capacity 32303K, committed 32512K, reserved 1079296K
  class space    used 2914K, capacity 3496K, committed 3584K, reserved 1048576K
}
Event: 3.121 GC heap before
{Heap before GC invocations=10 (full 1):
 PSYoungGen      total 30208K, used 30195K [0x00000000eab00000, 0x00000000ed200000, 0x0000000100000000)
  eden space 23552K, 100% used [0x00000000eab00000,0x00000000ec200000,0x00000000ec200000)
  from space 6656K, 99% used [0x00000000ecb80000,0x00000000ed1fcea8,0x00000000ed200000)
  to   space 7680K, 0% used [0x00000000ec300000,0x00000000ec300000,0x00000000eca80000)
 ParOldGen       total 68608K, used 13042K [0x00000000c0000000, 0x00000000c4300000, 0x00000000eab00000)
  object space 68608K, 19% used [0x00000000c0000000,0x00000000c0cbc910,0x00000000c4300000)
 Metaspace       used 30591K, capacity 32303K, committed 32512K, reserved 1079296K
  class space    used 2914K, capacity 3496K, committed 3584K, reserved 1048576K
}
Event: 3.147 GC heap after
{Heap after GC invocations=10 (full 1):
 PSYoungGen      total 32256K, used 5696K [0x00000000eab00000, 0x00000000edd00000, 0x0000000100000000)
  eden space 24576K, 0% used [0x00000000eab00000,0x00000000eab00000,0x00000000ec300000)
  from space 7680K, 74% used [0x00000000ec300000,0x00000000ec890010,0x00000000eca80000)
  to   space 6656K, 0% used [0x00000000ed680000,0x00000000ed680000,0x00000000edd00000)
 ParOldGen       total 68608K, used 15829K [0x00000000c0000000, 0x00000000c4300000, 0x00000000eab00000)
  object space 68608K, 23% used [0x00000000c0000000,0x00000000c0f757a8,0x00000000c4300000)
 Metaspace       used 30591K, capacity 32303K, committed 32512K, reserved 1079296K
  class space    used 2914K, capacity 3496K, committed 3584K, reserved 1048576K
}
Event: 3.555 GC heap before
{Heap before GC invocations=11 (full 1):
 PSYoungGen      total 32256K, used 30272K [0x00000000eab00000, 0x00000000edd00000, 0x0000000100000000)
  eden space 24576K, 100% used [0x00000000eab00000,0x00000000ec300000,0x00000000ec300000)
  from space 7680K, 74% used [0x00000000ec300000,0x00000000ec890010,0x00000000eca80000)
  to   space 6656K, 0% used [0x00000000ed680000,0x00000000ed680000,0x00000000edd00000)
 ParOldGen       total 68608K, used 15829K [0x00000000c0000000, 0x00000000c4300000, 0x00000000eab00000)
  object space 68608K, 23% used [0x00000000c0000000,0x00000000c0f757a8,0x00000000c4300000)
 Metaspace       used 31956K, capacity 33906K, committed 34176K, reserved 1079296K
  class space    used 3034K, capacity 3689K, committed 3712K, reserved 1048576K
}
Event: 3.566 GC heap after
{Heap after GC invocations=11 (full 1):
 PSYoungGen      total 29184K, used 5060K [0x00000000eab00000, 0x00000000edb80000, 0x0000000100000000)
  eden space 24064K, 0% used [0x00000000eab00000,0x00000000eab00000,0x00000000ec280000)
  from space 5120K, 98% used [0x00000000ed680000,0x00000000edb713d0,0x00000000edb80000)
  to   space 5632K, 0% used [0x00000000ed080000,0x00000000ed080000,0x00000000ed600000)
 ParOldGen       total 68608K, used 19505K [0x00000000c0000000, 0x00000000c4300000, 0x00000000eab00000)
  object space 68608K, 28% used [0x00000000c0000000,0x00000000c130c5b0,0x00000000c4300000)
 Metaspace       used 31956K, capacity 33906K, committed 34176K, reserved 1079296K
  class space    used 3034K, capacity 3689K, committed 3712K, reserved 1048576K
}
Event: 3.630 GC heap before
{Heap before GC invocations=12 (full 1):
 PSYoungGen      total 29184K, used 8760K [0x00000000eab00000, 0x00000000edb80000, 0x0000000100000000)
  eden space 24064K, 15% used [0x00000000eab00000,0x00000000eae9cf80,0x00000000ec280000)
  from space 5120K, 98% used [0x00000000ed680000,0x00000000edb713d0,0x00000000edb80000)
  to   space 5632K, 0% used [0x00000000ed080000,0x00000000ed080000,0x00000000ed600000)
 ParOldGen       total 68608K, used 19505K [0x00000000c0000000, 0x00000000c4300000, 0x00000000eab00000)
  object space 68608K, 28% used [0x00000000c0000000,0x00000000c130c5b0,0x00000000c4300000)
 Metaspace       used 33306K, capacity 35218K, committed 35328K, reserved 1081344K
  class space    used 3137K, capacity 3785K, committed 3840K, reserved 1048576K
}
Event: 3.635 GC heap after
{Heap after GC invocations=12 (full 1):
 PSYoungGen      total 24576K, used 436K [0x00000000eab00000, 0x00000000ed700000, 0x0000000100000000)
  eden space 24064K, 0% used [0x00000000eab00000,0x00000000eab00000,0x00000000ec280000)
  from space 512K, 85% used [0x00000000ed080000,0x00000000ed0ed320,0x00000000ed100000)
  to   space 2560K, 0% used [0x00000000ed480000,0x00000000ed480000,0x00000000ed700000)
 ParOldGen       total 68608K, used 24512K [0x00000000c0000000, 0x00000000c4300000, 0x00000000eab00000)
  object space 68608K, 35% used [0x00000000c0000000,0x00000000c17f0008,0x00000000c4300000)
 Metaspace       used 33306K, capacity 35218K, committed 35328K, reserved 1081344K
  class space    used 3137K, capacity 3785K, committed 3840K, reserved 1048576K
}
Event: 3.635 GC heap before
{Heap before GC invocations=13 (full 2):
 PSYoungGen      total 24576K, used 436K [0x00000000eab00000, 0x00000000ed700000, 0x0000000100000000)
  eden space 24064K, 0% used [0x00000000eab00000,0x00000000eab00000,0x00000000ec280000)
  from space 512K, 85% used [0x00000000ed080000,0x00000000ed0ed320,0x00000000ed100000)
  to   space 2560K, 0% used [0x00000000ed480000,0x00000000ed480000,0x00000000ed700000)
 ParOldGen       total 68608K, used 24512K [0x00000000c0000000, 0x00000000c4300000, 0x00000000eab00000)
  object space 68608K, 35% used [0x00000000c0000000,0x00000000c17f0008,0x00000000c4300000)
 Metaspace       used 33306K, capacity 35218K, committed 35328K, reserved 1081344K
  class space    used 3137K, capacity 3785K, committed 3840K, reserved 1048576K
}
Event: 3.755 GC heap after
{Heap after GC invocations=13 (full 2):
 PSYoungGen      total 24576K, used 0K [0x00000000eab00000, 0x00000000ed700000, 0x0000000100000000)
  eden space 24064K, 0% used [0x00000000eab00000,0x00000000eab00000,0x00000000ec280000)
  from space 512K, 0% used [0x00000000ed080000,0x00000000ed080000,0x00000000ed100000)
  to   space 2560K, 0% used [0x00000000ed480000,0x00000000ed480000,0x00000000ed700000)
 ParOldGen       total 68608K, used 24286K [0x00000000c0000000, 0x00000000c4300000, 0x00000000eab00000)
  object space 68608K, 35% used [0x00000000c0000000,0x00000000c17b78c8,0x00000000c4300000)
 Metaspace       used 33306K, capacity 35218K, committed 35328K, reserved 1081344K
  class space    used 3137K, capacity 3785K, committed 3840K, reserved 1048576K
}

Deoptimization events (10 events):
Event: 3.516 Thread 0x00000128b8b37800 Uncommon trap: reason=class_check action=maybe_recompile pc=0x00000128aa9dbf44 method=java.util.Spliterators$1Adapter.hasNext()Z @ 12 c2
Event: 3.516 Thread 0x00000128b8b37800 Uncommon trap: reason=unstable_if action=reinterpret pc=0x00000128aaa37828 method=java.util.stream.AbstractPipeline.spliterator()Ljava/util/Spliterator; @ 27 c2
Event: 3.516 Thread 0x00000128b8b37800 Uncommon trap: reason=class_check action=maybe_recompile pc=0x00000128aa9dbf44 method=java.util.Spliterators$1Adapter.hasNext()Z @ 12 c2
Event: 3.516 Thread 0x00000128b8b37800 Uncommon trap: reason=class_check action=maybe_recompile pc=0x00000128aa9dbf44 method=java.util.Spliterators$1Adapter.hasNext()Z @ 12 c2
Event: 3.524 Thread 0x00000128b8b37800 Uncommon trap: reason=class_check action=maybe_recompile pc=0x00000128aa9dbf44 method=java.util.Spliterators$1Adapter.hasNext()Z @ 12 c2
Event: 3.543 Thread 0x00000128b8b37800 Uncommon trap: reason=bimorphic_or_optimized_type_check action=maybe_recompile pc=0x00000128aa9a48c8 method=java.io.DataOutputStream.write([BII)V @ 7 c2
Event: 3.543 Thread 0x00000128b8b37800 Uncommon trap: reason=bimorphic_or_optimized_type_check action=maybe_recompile pc=0x00000128aaa6f270 method=java.io.DataOutputStream.writeShort(I)V @ 12 c2
Event: 3.543 Thread 0x00000128b8b37800 Uncommon trap: reason=bimorphic_or_optimized_type_check action=maybe_recompile pc=0x00000128aa9a48c8 method=java.io.DataOutputStream.write([BII)V @ 7 c2
Event: 3.543 Thread 0x00000128b8b37800 Uncommon trap: reason=bimorphic_or_optimized_type_check action=maybe_recompile pc=0x00000128aa9a48c8 method=java.io.DataOutputStream.write([BII)V @ 7 c2
Event: 3.543 Thread 0x00000128b8b37800 Uncommon trap: reason=bimorphic_or_optimized_type_check action=maybe_recompile pc=0x00000128aa9a48c8 method=java.io.DataOutputStream.write([BII)V @ 7 c2

Classes redefined (0 events):
No events

Internal exceptions (10 events):
Event: 3.355 Thread 0x00000128b8b37800 Exception <a 'java/io/FileNotFoundException'{0x00000000ebec1438}> (0x00000000ebec1438) thrown at [./open/src/hotspot/share/prims/jni.cpp, line 611]
Event: 3.357 Thread 0x00000128b8b37800 Exception <a 'java/io/FileNotFoundException'{0x00000000ebecb798}> (0x00000000ebecb798) thrown at [./open/src/hotspot/share/prims/jni.cpp, line 611]
Event: 3.360 Thread 0x00000128b8b37800 Exception <a 'sun/nio/fs/WindowsException'{0x00000000ebed3818}> (0x00000000ebed3818) thrown at [./open/src/hotspot/share/prims/jni.cpp, line 611]
Event: 3.372 Thread 0x00000128b8b37800 Exception <a 'sun/nio/fs/WindowsException'{0x00000000ebef2de0}> (0x00000000ebef2de0) thrown at [./open/src/hotspot/share/prims/jni.cpp, line 611]
Event: 3.380 Thread 0x00000128b8b37800 Exception <a 'sun/nio/fs/WindowsException'{0x00000000ebf0b000}> (0x00000000ebf0b000) thrown at [./open/src/hotspot/share/prims/jni.cpp, line 611]
Event: 3.452 Thread 0x00000128b8b37800 Exception <a 'sun/nio/fs/WindowsException'{0x00000000ebff2b68}> (0x00000000ebff2b68) thrown at [./open/src/hotspot/share/prims/jni.cpp, line 611]
Event: 3.458 Thread 0x00000128b8b37800 Exception <a 'sun/nio/fs/WindowsException'{0x00000000ec01b310}> (0x00000000ec01b310) thrown at [./open/src/hotspot/share/prims/jni.cpp, line 611]
Event: 3.473 Thread 0x00000128b8b37800 Exception <a 'java/io/FileNotFoundException'{0x00000000ec075bb8}> (0x00000000ec075bb8) thrown at [./open/src/hotspot/share/prims/jni.cpp, line 611]
Event: 3.484 Thread 0x00000128b8b37800 Exception <a 'java/io/FileNotFoundException'{0x00000000ec0a4360}> (0x00000000ec0a4360) thrown at [./open/src/hotspot/share/prims/jni.cpp, line 611]
Event: 3.492 Thread 0x00000128b8b37800 Exception <a 'java/io/FileNotFoundException'{0x00000000ec0e8e00}> (0x00000000ec0e8e00) thrown at [./open/src/hotspot/share/prims/jni.cpp, line 611]

Events (10 events):
Event: 3.553 loading class org/eclipse/jdt/internal/compiler/problem/messages_en
Event: 3.553 loading class org/eclipse/jdt/internal/compiler/problem/messages_en done
Event: 3.553 loading class org/eclipse/jdt/internal/compiler/problem/messages_en_US
Event: 3.553 loading class org/eclipse/jdt/internal/compiler/problem/messages_en_US done
Event: 3.555 Executing VM operation: ParallelGCFailedAllocation
Event: 3.566 Executing VM operation: ParallelGCFailedAllocation done
Event: 3.625 Executing VM operation: Deoptimize
Event: 3.625 Executing VM operation: Deoptimize done
Event: 3.630 Executing VM operation: CollectForMetadataAllocation
Event: 3.755 Executing VM operation: CollectForMetadataAllocation done


Dynamic libraries:
0x00007ff657690000 - 0x00007ff65769f000 	C:\Program Files\Java\jdk-11.0.10\bin\java.exe
0x00007ffa27810000 - 0x00007ffa27a05000 	C:\windows\SYSTEM32\ntdll.dll
0x00007ffa26d80000 - 0x00007ffa26e3d000 	C:\windows\System32\KERNEL32.DLL
0x00007ffa25050000 - 0x00007ffa25319000 	C:\windows\System32\KERNELBASE.dll
0x00007ffa24f50000 - 0x00007ffa25050000 	C:\windows\System32\ucrtbase.dll
0x00007ffa0d7f0000 - 0x00007ffa0d805000 	C:\Program Files\Java\jdk-11.0.10\bin\VCRUNTIME140.dll
0x00007ff9f37e0000 - 0x00007ff9f37f8000 	C:\Program Files\Java\jdk-11.0.10\bin\jli.dll
0x00007ffa259f0000 - 0x00007ffa25a9c000 	C:\windows\System32\ADVAPI32.dll
0x00007ffa25870000 - 0x00007ffa2590e000 	C:\windows\System32\msvcrt.dll
0x00007ffa25e60000 - 0x00007ffa25efc000 	C:\windows\System32\sechost.dll
0x00007ffa26e40000 - 0x00007ffa26f6b000 	C:\windows\System32\RPCRT4.dll
0x00007ffa26a10000 - 0x00007ffa26bb0000 	C:\windows\System32\USER32.dll
0x00007ffa25590000 - 0x00007ffa255b2000 	C:\windows\System32\win32u.dll
0x00007ffa0e120000 - 0x00007ffa0e3ba000 	C:\windows\WinSxS\amd64_microsoft.windows.common-controls_6595b64144ccf1df_6.0.19041.844_none_ca00b6081b84eb1d\COMCTL32.dll
0x00007ffa262d0000 - 0x00007ffa262fa000 	C:\windows\System32\GDI32.dll
0x00007ffa256c0000 - 0x00007ffa257cb000 	C:\windows\System32\gdi32full.dll
0x00007ffa257d0000 - 0x00007ffa2586d000 	C:\windows\System32\msvcp_win.dll
0x00007ffa1d480000 - 0x00007ffa1d48a000 	C:\windows\SYSTEM32\VERSION.dll
0x00007ffa261c0000 - 0x00007ffa261f0000 	C:\windows\System32\IMM32.DLL
0x00007ff9c3ae0000 - 0x00007ff9c3b7b000 	C:\Program Files\Java\jdk-11.0.10\bin\msvcp140.dll
0x00007ff9a2420000 - 0x00007ff9a2f1b000 	C:\Program Files\Java\jdk-11.0.10\bin\server\jvm.dll
0x00007ffa26f70000 - 0x00007ffa26f78000 	C:\windows\System32\PSAPI.DLL
0x00007ffa06080000 - 0x00007ffa06089000 	C:\windows\SYSTEM32\WSOCK32.dll
0x00007ffa17450000 - 0x00007ffa17477000 	C:\windows\SYSTEM32\WINMM.dll
0x00007ffa276f0000 - 0x00007ffa2775b000 	C:\windows\System32\WS2_32.dll
0x00007ffa23830000 - 0x00007ffa23842000 	C:\windows\SYSTEM32\kernel.appcore.dll
0x00007ffa09720000 - 0x00007ffa09730000 	C:\Program Files\Java\jdk-11.0.10\bin\verify.dll
0x00007ffa22c00000 - 0x00007ffa22de4000 	C:\windows\SYSTEM32\DBGHELP.DLL
0x00007ffa072d0000 - 0x00007ffa072fc000 	C:\windows\SYSTEM32\dbgcore.DLL
0x00007ffa254b0000 - 0x00007ffa25530000 	C:\windows\System32\bcryptPrimitives.dll
0x00007ff9efb80000 - 0x00007ff9efba8000 	C:\Program Files\Java\jdk-11.0.10\bin\java.dll
0x00007ff9fe280000 - 0x00007ff9fe28a000 	C:\Program Files\Java\jdk-11.0.10\bin\jimage.dll
0x00007ff9f0630000 - 0x00007ff9f0646000 	C:\Program Files\Java\jdk-11.0.10\bin\zip.dll
0x00007ffa26f80000 - 0x00007ffa276c2000 	C:\windows\System32\SHELL32.dll
0x00007ffa23090000 - 0x00007ffa23820000 	C:\windows\SYSTEM32\windows.storage.dll
0x00007ffa25aa0000 - 0x00007ffa25df5000 	C:\windows\System32\combase.dll
0x00007ffa24950000 - 0x00007ffa2497c000 	C:\windows\SYSTEM32\Wldp.dll
0x00007ffa267d0000 - 0x00007ffa2687e000 	C:\windows\System32\SHCORE.dll
0x00007ffa25e00000 - 0x00007ffa25e55000 	C:\windows\System32\shlwapi.dll
0x00007ffa24e90000 - 0x00007ffa24eaf000 	C:\windows\SYSTEM32\profapi.dll
0x00007ff9e9790000 - 0x00007ff9e97a9000 	C:\Program Files\Java\jdk-11.0.10\bin\net.dll
0x00007ffa14dd0000 - 0x00007ffa14edc000 	C:\windows\SYSTEM32\WINHTTP.dll
0x00007ffa246d0000 - 0x00007ffa2473a000 	C:\windows\system32\mswsock.dll
0x00007ff9e5cf0000 - 0x00007ff9e5d02000 	C:\Program Files\Java\jdk-11.0.10\bin\nio.dll
0x00007ffa248a0000 - 0x00007ffa248b8000 	C:\windows\SYSTEM32\CRYPTSP.dll
0x00007ffa24070000 - 0x00007ffa240a4000 	C:\windows\system32\rsaenh.dll
0x00007ffa25320000 - 0x00007ffa25347000 	C:\windows\System32\bcrypt.dll
0x00007ffa24e10000 - 0x00007ffa24e3e000 	C:\windows\SYSTEM32\USERENV.dll
0x00007ffa248c0000 - 0x00007ffa248cc000 	C:\windows\SYSTEM32\CRYPTBASE.dll
0x00007ffa243c0000 - 0x00007ffa243fb000 	C:\windows\SYSTEM32\IPHLPAPI.DLL
0x00007ffa27760000 - 0x00007ffa27768000 	C:\windows\System32\NSI.dll
0x00007ffa1c100000 - 0x00007ffa1c117000 	C:\windows\SYSTEM32\dhcpcsvc6.DLL
0x00007ffa1c0e0000 - 0x00007ffa1c0fd000 	C:\windows\SYSTEM32\dhcpcsvc.DLL
0x00007ffa24400000 - 0x00007ffa244cb000 	C:\windows\SYSTEM32\DNSAPI.dll
0x00007ff9dfa80000 - 0x00007ff9dfaa9000 	C:\Users\DAT\AppData\Roaming\Code\User\globalStorage\redhat.java\0.77.0\config_ss_win\org.eclipse.equinox.launcher\org.eclipse.equinox.launcher.win32.win32.x86_64_1.2.100.v20210209-1541\eclipse_11301.dll
0x00007ff9fa490000 - 0x00007ff9fa4a1000 	C:\Users\DAT\AppData\Roaming\Code\User\globalStorage\redhat.java\0.77.0\config_ss_win\org.eclipse.osgi\16\0\.cp\jWinHttp-1.0.0.dll
0x00007ffa26880000 - 0x00007ffa269aa000 	C:\windows\System32\ole32.dll

dbghelp: loaded successfully - version: 4.0.5 - missing functions: none
symbol engine: initialized successfully - sym options: 0x614 - pdb path: .;C:\Program Files\Java\jdk-11.0.10\bin;C:\windows\SYSTEM32;C:\windows\WinSxS\amd64_microsoft.windows.common-controls_6595b64144ccf1df_6.0.19041.844_none_ca00b6081b84eb1d;C:\Program Files\Java\jdk-11.0.10\bin\server;C:\Users\DAT\AppData\Roaming\Code\User\globalStorage\redhat.java\0.77.0\config_ss_win\org.eclipse.equinox.launcher\org.eclipse.equinox.launcher.win32.win32.x86_64_1.2.100.v20210209-1541;C:\Users\DAT\AppData\Roaming\Code\User\globalStorage\redhat.java\0.77.0\config_ss_win\org.eclipse.osgi\16\0\.cp

VM Arguments:
jvm_args: --add-modules=ALL-SYSTEM --add-opens=java.base/java.util=ALL-UNNAMED --add-opens=java.base/java.lang=ALL-UNNAMED -Declipse.application=org.eclipse.jdt.ls.core.id1 -Dosgi.bundles.defaultStartLevel=4 -Declipse.product=org.eclipse.jdt.ls.core.product -Dfile.encoding=utf8 -DwatchParentProcess=false -XX:+UseParallelGC -XX:GCTimeRatio=4 -XX:AdaptiveSizePolicyWeight=90 -Dsun.zip.disableMemoryMapping=true -Xmx1G -Xms100m -Xverify:none 
java_command: c:\Users\DAT\.vscode\extensions\redhat.java-0.77.0\server\plugins\org.eclipse.equinox.launcher_1.6.100.v20201223-0822.jar -configuration c:\Users\DAT\AppData\Roaming\Code\User\globalStorage\redhat.java\0.77.0\config_ss_win -data c:\Users\DAT\AppData\Roaming\Code\User\workspaceStorage\36f967e85e7e8451faae8b6f07adc6fc\redhat.java\ss_ws
java_class_path (initial): c:\Users\DAT\.vscode\extensions\redhat.java-0.77.0\server\plugins\org.eclipse.equinox.launcher_1.6.100.v20201223-0822.jar
Launcher Type: SUN_STANDARD

[Global flags]
    uintx AdaptiveSizePolicyWeight                 = 90                                        {product} {command line}
     bool BytecodeVerificationLocal                = false                                     {product} {command line}
     bool BytecodeVerificationRemote               = false                                     {product} {command line}
     intx CICompilerCount                          = 12                                        {product} {ergonomic}
    uintx GCTimeRatio                              = 4                                         {product} {command line}
   size_t InitialHeapSize                          = 104857600                                 {product} {command line}
   size_t MaxHeapSize                              = 1073741824                                {product} {command line}
   size_t MaxNewSize                               = 357564416                                 {product} {ergonomic}
   size_t MinHeapDeltaBytes                        = 524288                                    {product} {ergonomic}
   size_t NewSize                                  = 34603008                                  {product} {ergonomic}
    uintx NonNMethodCodeHeapSize                   = 7594288                                {pd product} {ergonomic}
    uintx NonProfiledCodeHeapSize                  = 122031976                              {pd product} {ergonomic}
   size_t OldSize                                  = 70254592                                  {product} {ergonomic}
    uintx ProfiledCodeHeapSize                     = 122031976                              {pd product} {ergonomic}
    uintx ReservedCodeCacheSize                    = 251658240                              {pd product} {ergonomic}
     bool SegmentedCodeCache                       = true                                      {product} {ergonomic}
     bool UseCompressedClassPointers               = true                                 {lp64_product} {ergonomic}
     bool UseCompressedOops                        = true                                 {lp64_product} {ergonomic}
     bool UseLargePagesIndividualAllocation        = false                                  {pd product} {ergonomic}
     bool UseParallelGC                            = true                                      {product} {command line}

Logging:
Log output configuration:
 #0: stdout all=warning uptime,level,tags
 #1: stderr all=off uptime,level,tags

Environment Variables:
JAVA_HOME=C:\Program Files\Java\jdk-11.0.10
PATH=C:\Program Files\Common Files\Oracle\Java\javapath;C:\windows\system32;C:\windows;C:\windows\System32\Wbem;C:\windows\System32\WindowsPowerShell\v1.0\;C:\windows\System32\OpenSSH\;C:\Program Files (x86)\NVIDIA Corporation\PhysX\Common;C:\Program Files\NVIDIA Corporation\NVIDIA NvDLISR;C:\Program Files\Git\cmd;C:\Program Files (x86)\Microsoft SQL Server\150\DTS\Binn\;C:\Program Files\Azure Data Studio\bin;C:\Program Files\nodejs\;C:\Program Files\Java\apache-maven-3.8.1\bin;C:\Program Files\Java\jdk-11.0.10\bin;C:\Program Files (x86)\Microsoft SQL Server\150\Tools\Binn\;C:\Program Files\Microsoft SQL Server\150\Tools\Binn\;C:\Program Files\Microsoft SQL Server\150\DTS\Binn\;C:\Program Files\Microsoft SQL Server\Client SDK\ODBC\170\Tools\Binn\;C:\Program Files\dotnet\;C:\Program Files\MySQL\MySQL Shell 8.0\bin\;C:\Users\DAT\AppData\Local\Programs\Python\Python39\Scripts\;C:\Users\DAT\AppData\Local\Programs\Python\Python39\;C:\Users\DAT\AppData\Local\Microsoft\WindowsApps;C:\Users\DAT\AppData\Local\Programs\Microsoft VS Code\bin;C:\Program Files\Azure Data Studio\bin;C:\Program Files\heroku\bin;C:\Users\DAT\AppData\Roaming\npm;C:\Program Files\MongoDB\Server\4.4\bin;C:\Users\DAT\.dotnet\tools
USERNAME=DAT
OS=Windows_NT
PROCESSOR_IDENTIFIER=AMD64 Family 23 Model 96 Stepping 1, AuthenticAMD



---------------  S Y S T E M  ---------------

OS: Windows 10 , 64 bit Build 19041 (10.0.19041.804)

CPU:total 16 (initial active 16) (16 cores per cpu, 2 threads per core) family 23 model 96 stepping 1 microcode 0x0, cmov, cx8, fxsr, mmx, sse, sse2, sse3, ssse3, sse4.1, sse4.2, popcnt, avx, avx2, aes, clmul, mmxext, 3dnowpref, lzcnt, sse4a, ht, tsc, tscinvbit, tscinv, bmi1, bmi2, adx, 

Memory: 4k page, system-wide physical 15731M (8361M free)
TotalPageFile size 26995M (AvailPageFile size 14617M)
current process WorkingSet (physical memory assigned to process): 209M, peak: 213M
current process commit charge ("private bytes"): 323M, peak: 333M

vm_info: Java HotSpot(TM) 64-Bit Server VM (11.0.10+8-LTS-162) for windows-amd64 JRE (11.0.10+8-LTS-162), built on Dec  8 2020 16:32:57 by "mach5one" with MS VC++ 15.9 (VS2017)

END.
